# JRE version: Java(TM) SE Runtime Environment (17.0.12+8) (build 17.0.12+8-LTS-286)
# Java VM: Java HotSpot(TM) 64-Bit Server VM (17.0.12+8-LTS-286, mixed mode, emulated-client, sharing, tiered, compressed oops, compressed class ptrs, g1 gc, windows-amd64)
GC Precious Log:
 CPUs: 4 total, 4 available
 Memory: 3962M
 Large Page Support: Disabled
 NUMA Support: Disabled
 Compressed Oops: Enabled (32-bit)
 Heap Region Size: 1M
 Heap Min Capacity: 8M
 Heap Initial Capacity: 62M
 Heap Max Capacity: 992M
 Pre-touch: Disabled
 Parallel Workers: 4
 Concurrent Workers: 1
 Concurrent Refinement Workers: 4
 Periodic GC: Disabled
Heap:
 garbage-first heap   total 66560K, used 30148K [0x00000000c2000000, 0x0000000100000000)
  region size 1024K, 9 young (9216K), 2 survivors (2048K)
 Metaspace       used 52097K, committed 52672K, reserved 1114112K
  class space    used 7430K, committed 7744K, reserved 1048576K
GC Heap History (20 events):
Event: 3.336 GC heap before
{Heap before GC invocations=2 (full 0):
 garbage-first heap   total 63488K, used 26796K [0x00000000c2000000, 0x0000000100000000)
  region size 1024K, 19 young (19456K), 1 survivors (1024K)
 Metaspace       used 10333K, committed 10624K, reserved 1114112K
  class space    used 1383K, committed 1536K, reserved 1048576K
}
Event: 3.340 GC heap after
{Heap after GC invocations=3 (full 0):
 garbage-first heap   total 63488K, used 9428K [0x00000000c2000000, 0x0000000100000000)
  region size 1024K, 2 young (2048K), 2 survivors (2048K)
 Metaspace       used 10333K, committed 10624K, reserved 1114112K
  class space    used 1383K, committed 1536K, reserved 1048576K
}
Event: 4.013 GC heap before
{Heap before GC invocations=3 (full 0):
 garbage-first heap   total 63488K, used 38100K [0x00000000c2000000, 0x0000000100000000)
  region size 1024K, 31 young (31744K), 2 survivors (2048K)
 Metaspace       used 17012K, committed 17280K, reserved 1114112K
  class space    used 2251K, committed 2368K, reserved 1048576K
}
Event: 4.024 GC heap after
{Heap after GC invocations=4 (full 0):
 garbage-first heap   total 63488K, used 11277K [0x00000000c2000000, 0x0000000100000000)
  region size 1024K, 4 young (4096K), 4 survivors (4096K)
 Metaspace       used 17012K, committed 17280K, reserved 1114112K
  class space    used 2251K, committed 2368K, reserved 1048576K
}
Event: 5.013 GC heap before
{Heap before GC invocations=4 (full 0):
 garbage-first heap   total 63488K, used 40973K [0x00000000c2000000, 0x0000000100000000)
  region size 1024K, 33 young (33792K), 4 survivors (4096K)
 Metaspace       used 20045K, committed 20416K, reserved 1114112K
  class space    used 2696K, committed 2880K, reserved 1048576K
}
Event: 5.026 GC heap after
{Heap after GC invocations=5 (full 0):
 garbage-first heap   total 63488K, used 14154K [0x00000000c2000000, 0x0000000100000000)
  region size 1024K, 5 young (5120K), 5 survivors (5120K)
 Metaspace       used 20045K, committed 20416K, reserved 1114112K
  class space    used 2696K, committed 2880K, reserved 1048576K
}
Event: 5.321 GC heap before
{Heap before GC invocations=5 (full 0):
 garbage-first heap   total 63488K, used 22346K [0x00000000c2000000, 0x0000000100000000)
  region size 1024K, 15 young (15360K), 5 survivors (5120K)
 Metaspace       used 21189K, committed 21504K, reserved 1114112K
  class space    used 2856K, committed 3008K, reserved 1048576K
}
Event: 5.329 GC heap after
{Heap after GC invocations=6 (full 0):
 garbage-first heap   total 63488K, used 14566K [0x00000000c2000000, 0x0000000100000000)
  region size 1024K, 1 young (1024K), 1 survivors (1024K)
 Metaspace       used 21189K, committed 21504K, reserved 1114112K
  class space    used 2856K, committed 3008K, reserved 1048576K
}
Event: 6.223 GC heap before
{Heap before GC invocations=7 (full 0):
 garbage-first heap   total 55296K, used 45286K [0x00000000c2000000, 0x0000000100000000)
  region size 1024K, 31 young (31744K), 1 survivors (1024K)
 Metaspace       used 25482K, committed 25920K, reserved 1114112K
  class space    used 3563K, committed 3776K, reserved 1048576K
}
Event: 6.230 GC heap after
{Heap after GC invocations=8 (full 0):
 garbage-first heap   total 55296K, used 16981K [0x00000000c2000000, 0x0000000100000000)
  region size 1024K, 4 young (4096K), 4 survivors (4096K)
 Metaspace       used 25482K, committed 25920K, reserved 1114112K
  class space    used 3563K, committed 3776K, reserved 1048576K
}
Event: 6.745 GC heap before
{Heap before GC invocations=8 (full 0):
 garbage-first heap   total 55296K, used 38485K [0x00000000c2000000, 0x0000000100000000)
  region size 1024K, 26 young (26624K), 4 survivors (4096K)
 Metaspace       used 28263K, committed 28800K, reserved 1114112K
  class space    used 3934K, committed 4224K, reserved 1048576K
}
Event: 6.757 GC heap after
{Heap after GC invocations=9 (full 0):
 garbage-first heap   total 55296K, used 18725K [0x00000000c2000000, 0x0000000100000000)
  region size 1024K, 2 young (2048K), 2 survivors (2048K)
 Metaspace       used 28263K, committed 28800K, reserved 1114112K
  class space    used 3934K, committed 4224K, reserved 1048576K
}
Event: 7.482 GC heap before
{Heap before GC invocations=9 (full 0):
 garbage-first heap   total 55296K, used 40229K [0x00000000c2000000, 0x0000000100000000)
  region size 1024K, 23 young (23552K), 2 survivors (2048K)
 Metaspace       used 33480K, committed 33984K, reserved 1114112K
  class space    used 4720K, committed 4992K, reserved 1048576K
}
Event: 7.487 GC heap after
{Heap after GC invocations=10 (full 0):
 garbage-first heap   total 66560K, used 19540K [0x00000000c2000000, 0x0000000100000000)
  region size 1024K, 3 young (3072K), 3 survivors (3072K)
 Metaspace       used 33480K, committed 33984K, reserved 1114112K
  class space    used 4720K, committed 4992K, reserved 1048576K
}
Event: 7.695 GC heap before
{Heap before GC invocations=10 (full 0):
 garbage-first heap   total 66560K, used 27732K [0x00000000c2000000, 0x0000000100000000)
  region size 1024K, 12 young (12288K), 3 survivors (3072K)
 Metaspace       used 35616K, committed 36096K, reserved 1114112K
  class space    used 4997K, committed 5248K, reserved 1048576K
}
Event: 7.701 GC heap after
{Heap after GC invocations=11 (full 0):
 garbage-first heap   total 66560K, used 20324K [0x00000000c2000000, 0x0000000100000000)
  region size 1024K, 2 young (2048K), 2 survivors (2048K)
 Metaspace       used 35616K, committed 36096K, reserved 1114112K
  class space    used 4997K, committed 5248K, reserved 1048576K
}
Event: 8.615 GC heap before
{Heap before GC invocations=12 (full 0):
 garbage-first heap   total 66560K, used 50020K [0x00000000c2000000, 0x0000000100000000)
  region size 1024K, 32 young (32768K), 2 survivors (2048K)
 Metaspace       used 43981K, committed 44480K, reserved 1114112K
  class space    used 6220K, committed 6400K, reserved 1048576K
}
Event: 8.621 GC heap after
{Heap after GC invocations=13 (full 0):
 garbage-first heap   total 66560K, used 22452K [0x00000000c2000000, 0x0000000100000000)
  region size 1024K, 4 young (4096K), 4 survivors (4096K)
 Metaspace       used 43981K, committed 44480K, reserved 1114112K
  class space    used 6220K, committed 6400K, reserved 1048576K
}
Event: 9.595 GC heap before
{Heap before GC invocations=14 (full 0):
 garbage-first heap   total 66560K, used 51124K [0x00000000c2000000, 0x0000000100000000)
  region size 1024K, 32 young (32768K), 4 survivors (4096K)
 Metaspace       used 50898K, committed 51520K, reserved 1114112K
  class space    used 7312K, committed 7616K, reserved 1048576K
}
Event: 9.603 GC heap after
{Heap after GC invocations=15 (full 0):
 garbage-first heap   total 66560K, used 24004K [0x00000000c2000000, 0x0000000100000000)
  region size 1024K, 2 young (2048K), 2 survivors (2048K)
 Metaspace       used 50898K, committed 51520K, reserved 1114112K
  class space    used 7312K, committed 7616K, reserved 1048576K
}

