# JRE version: OpenJDK Runtime Environment Temurin-17.0.13+11 (17.0.13+11) (build 17.0.13+11)
# Java VM: OpenJDK 64-Bit Server VM Temurin-17.0.13+11 (17.0.13+11, mixed mode, emulated-client, tiered, compressed oops, compressed class ptrs, g1 gc, windows-amd64)
GC Precious Log:
 CPUs: 4 total, 4 available
 Memory: 3962M
 Large Page Support: Disabled
 NUMA Support: Disabled
 Compressed Oops: Enabled (32-bit)
 Heap Region Size: 1M
 Heap Min Capacity: 8M
 Heap Initial Capacity: 62M
 Heap Max Capacity: 1G
 Pre-touch: Disabled
 Parallel Workers: 4
 Concurrent Workers: 1
 Concurrent Refinement Workers: 4
 Periodic GC: Disabled
Heap:
 garbage-first heap   total 63488K, used 27012K [0x00000000c0000000, 0x0000000100000000)
  region size 1024K, 1 young (1024K), 0 survivors (0K)
 Metaspace       used 49934K, committed 50624K, reserved 1114112K
  class space    used 6275K, committed 6528K, reserved 1048576K
GC Heap History (20 events):
Event: 931.561 GC heap after
{Heap after GC invocations=103 (full 84):
 garbage-first heap   total 63488K, used 27012K [0x00000000c0000000, 0x0000000100000000)
  region size 1024K, 0 young (0K), 0 survivors (0K)
 Metaspace       used 49934K, committed 50624K, reserved 1114112K
  class space    used 6275K, committed 6528K, reserved 1048576K
}
Event: 941.758 GC heap before
{Heap before GC invocations=103 (full 84):
 garbage-first heap   total 63488K, used 27012K [0x00000000c0000000, 0x0000000100000000)
  region size 1024K, 1 young (1024K), 0 survivors (0K)
 Metaspace       used 49934K, committed 50624K, reserved 1114112K
  class space    used 6275K, committed 6528K, reserved 1048576K
}
Event: 941.790 GC heap after
{Heap after GC invocations=104 (full 85):
 garbage-first heap   total 63488K, used 27012K [0x00000000c0000000, 0x0000000100000000)
  region size 1024K, 0 young (0K), 0 survivors (0K)
 Metaspace       used 49934K, committed 50624K, reserved 1114112K
  class space    used 6275K, committed 6528K, reserved 1048576K
}
Event: 951.973 GC heap before
{Heap before GC invocations=104 (full 85):
 garbage-first heap   total 63488K, used 27012K [0x00000000c0000000, 0x0000000100000000)
  region size 1024K, 1 young (1024K), 0 survivors (0K)
 Metaspace       used 49934K, committed 50624K, reserved 1114112K
  class space    used 6275K, committed 6528K, reserved 1048576K
}
Event: 952.010 GC heap after
{Heap after GC invocations=105 (full 86):
 garbage-first heap   total 63488K, used 27012K [0x00000000c0000000, 0x0000000100000000)
  region size 1024K, 0 young (0K), 0 survivors (0K)
 Metaspace       used 49934K, committed 50624K, reserved 1114112K
  class space    used 6275K, committed 6528K, reserved 1048576K
}
Event: 962.244 GC heap before
{Heap before GC invocations=105 (full 86):
 garbage-first heap   total 63488K, used 27012K [0x00000000c0000000, 0x0000000100000000)
  region size 1024K, 1 young (1024K), 0 survivors (0K)
 Metaspace       used 49934K, committed 50624K, reserved 1114112K
  class space    used 6275K, committed 6528K, reserved 1048576K
}
Event: 962.290 GC heap after
{Heap after GC invocations=106 (full 87):
 garbage-first heap   total 63488K, used 27012K [0x00000000c0000000, 0x0000000100000000)
  region size 1024K, 0 young (0K), 0 survivors (0K)
 Metaspace       used 49934K, committed 50624K, reserved 1114112K
  class space    used 6275K, committed 6528K, reserved 1048576K
}
Event: 972.558 GC heap before
{Heap before GC invocations=106 (full 87):
 garbage-first heap   total 63488K, used 27012K [0x00000000c0000000, 0x0000000100000000)
  region size 1024K, 1 young (1024K), 0 survivors (0K)
 Metaspace       used 49934K, committed 50624K, reserved 1114112K
  class space    used 6275K, committed 6528K, reserved 1048576K
}
Event: 972.594 GC heap after
{Heap after GC invocations=107 (full 88):
 garbage-first heap   total 63488K, used 27012K [0x00000000c0000000, 0x0000000100000000)
  region size 1024K, 0 young (0K), 0 survivors (0K)
 Metaspace       used 49934K, committed 50624K, reserved 1114112K
  class space    used 6275K, committed 6528K, reserved 1048576K
}
Event: 984.182 GC heap before
{Heap before GC invocations=107 (full 88):
 garbage-first heap   total 63488K, used 27012K [0x00000000c0000000, 0x0000000100000000)
  region size 1024K, 1 young (1024K), 0 survivors (0K)
 Metaspace       used 49934K, committed 50624K, reserved 1114112K
  class space    used 6275K, committed 6528K, reserved 1048576K
}
Event: 984.238 GC heap after
{Heap after GC invocations=108 (full 89):
 garbage-first heap   total 63488K, used 27012K [0x00000000c0000000, 0x0000000100000000)
  region size 1024K, 0 young (0K), 0 survivors (0K)
 Metaspace       used 49934K, committed 50624K, reserved 1114112K
  class space    used 6275K, committed 6528K, reserved 1048576K
}
Event: 994.529 GC heap before
{Heap before GC invocations=108 (full 89):
 garbage-first heap   total 63488K, used 27012K [0x00000000c0000000, 0x0000000100000000)
  region size 1024K, 1 young (1024K), 0 survivors (0K)
 Metaspace       used 49934K, committed 50624K, reserved 1114112K
  class space    used 6275K, committed 6528K, reserved 1048576K
}
Event: 994.576 GC heap after
{Heap after GC invocations=109 (full 90):
 garbage-first heap   total 63488K, used 27012K [0x00000000c0000000, 0x0000000100000000)
  region size 1024K, 0 young (0K), 0 survivors (0K)
 Metaspace       used 49934K, committed 50624K, reserved 1114112K
  class space    used 6275K, committed 6528K, reserved 1048576K
}
Event: 1004.802 GC heap before
{Heap before GC invocations=109 (full 90):
 garbage-first heap   total 63488K, used 27012K [0x00000000c0000000, 0x0000000100000000)
  region size 1024K, 1 young (1024K), 0 survivors (0K)
 Metaspace       used 49934K, committed 50624K, reserved 1114112K
  class space    used 6275K, committed 6528K, reserved 1048576K
}
Event: 1004.838 GC heap after
{Heap after GC invocations=110 (full 91):
 garbage-first heap   total 63488K, used 27012K [0x00000000c0000000, 0x0000000100000000)
  region size 1024K, 0 young (0K), 0 survivors (0K)
 Metaspace       used 49934K, committed 50624K, reserved 1114112K
  class space    used 6275K, committed 6528K, reserved 1048576K
}
Event: 1015.004 GC heap before
{Heap before GC invocations=110 (full 91):
 garbage-first heap   total 63488K, used 27012K [0x00000000c0000000, 0x0000000100000000)
  region size 1024K, 1 young (1024K), 0 survivors (0K)
 Metaspace       used 49934K, committed 50624K, reserved 1114112K
  class space    used 6275K, committed 6528K, reserved 1048576K
}
Event: 1015.038 GC heap after
{Heap after GC invocations=111 (full 92):
 garbage-first heap   total 63488K, used 27012K [0x00000000c0000000, 0x0000000100000000)
  region size 1024K, 0 young (0K), 0 survivors (0K)
 Metaspace       used 49934K, committed 50624K, reserved 1114112K
  class space    used 6275K, committed 6528K, reserved 1048576K
}
Event: 1025.215 GC heap before
{Heap before GC invocations=111 (full 92):
 garbage-first heap   total 63488K, used 27012K [0x00000000c0000000, 0x0000000100000000)
  region size 1024K, 1 young (1024K), 0 survivors (0K)
 Metaspace       used 49934K, committed 50624K, reserved 1114112K
  class space    used 6275K, committed 6528K, reserved 1048576K
}
Event: 1025.252 GC heap after
{Heap after GC invocations=112 (full 93):
 garbage-first heap   total 63488K, used 27012K [0x00000000c0000000, 0x0000000100000000)
  region size 1024K, 0 young (0K), 0 survivors (0K)
 Metaspace       used 49934K, committed 50624K, reserved 1114112K
  class space    used 6275K, committed 6528K, reserved 1048576K
}
Event: 1036.407 GC heap before
{Heap before GC invocations=112 (full 93):
 garbage-first heap   total 63488K, used 27012K [0x00000000c0000000, 0x0000000100000000)
  region size 1024K, 1 young (1024K), 0 survivors (0K)
 Metaspace       used 49934K, committed 50624K, reserved 1114112K
  class space    used 6275K, committed 6528K, reserved 1048576K
}

