# JRE version: Java(TM) SE Runtime Environment (17.0.12+8) (build 17.0.12+8-LTS-286)
# Java VM: Java HotSpot(TM) 64-Bit Server VM (17.0.12+8-LTS-286, mixed mode, emulated-client, sharing, tiered, compressed oops, compressed class ptrs, g1 gc, windows-amd64)
GC Precious Log:
 CPUs: 4 total, 4 available
 Memory: 3962M
 Large Page Support: Disabled
 NUMA Support: Disabled
 Compressed Oops: Enabled (32-bit)
 Heap Region Size: 1M
 Heap Min Capacity: 8M
 Heap Initial Capacity: 62M
 Heap Max Capacity: 992M
 Pre-touch: Disabled
 Parallel Workers: 4
 Concurrent Workers: 1
 Concurrent Refinement Workers: 4
 Periodic GC: Disabled
Heap:
 garbage-first heap   total 63488K, used 16051K [0x00000000c2000000, 0x0000000100000000)
  region size 1024K, 10 young (10240K), 2 survivors (2048K)
 Metaspace       used 12175K, committed 12416K, reserved 1114112K
  class space    used 1657K, committed 1792K, reserved 1048576K
GC Heap History (6 events):
Event: 1.905 GC heap before
{Heap before GC invocations=0 (full 0):
 garbage-first heap   total 63488K, used 13312K [0x00000000c2000000, 0x0000000100000000)
  region size 1024K, 13 young (13312K), 0 survivors (0K)
 Metaspace       used 5180K, committed 5376K, reserved 1114112K
  class space    used 613K, committed 704K, reserved 1048576K
}
Event: 1.918 GC heap after
{Heap after GC invocations=1 (full 0):
 garbage-first heap   total 63488K, used 7116K [0x00000000c2000000, 0x0000000100000000)
  region size 1024K, 2 young (2048K), 2 survivors (2048K)
 Metaspace       used 5180K, committed 5376K, reserved 1114112K
  class space    used 613K, committed 704K, reserved 1048576K
}
Event: 2.305 GC heap before
{Heap before GC invocations=1 (full 0):
 garbage-first heap   total 63488K, used 14284K [0x00000000c2000000, 0x0000000100000000)
  region size 1024K, 9 young (9216K), 2 survivors (2048K)
 Metaspace       used 7224K, committed 7488K, reserved 1114112K
  class space    used 910K, committed 1024K, reserved 1048576K
}
Event: 2.313 GC heap after
{Heap after GC invocations=2 (full 0):
 garbage-first heap   total 63488K, used 7671K [0x00000000c2000000, 0x0000000100000000)
  region size 1024K, 1 young (1024K), 1 survivors (1024K)
 Metaspace       used 7224K, committed 7488K, reserved 1114112K
  class space    used 910K, committed 1024K, reserved 1048576K
}
Event: 3.152 GC heap before
{Heap before GC invocations=2 (full 0):
 garbage-first heap   total 63488K, used 26103K [0x00000000c2000000, 0x0000000100000000)
  region size 1024K, 20 young (20480K), 1 survivors (1024K)
 Metaspace       used 10379K, committed 10688K, reserved 1114112K
  class space    used 1393K, committed 1536K, reserved 1048576K
}
Event: 3.157 GC heap after
{Heap after GC invocations=3 (full 0):
 garbage-first heap   total 63488K, used 8883K [0x00000000c2000000, 0x0000000100000000)
  region size 1024K, 2 young (2048K), 2 survivors (2048K)
 Metaspace       used 10379K, committed 10688K, reserved 1114112K
  class space    used 1393K, committed 1536K, reserved 1048576K
}

